# JRE version: OpenJDK Runtime Environment (11.0.11+9) (build 11.0.11+9-b60-7590822)
# Java VM: OpenJDK 64-Bit Server VM (11.0.11+9-b60-7590822, mixed mode, tiered, compressed oops, g1 gc, windows-amd64)
Heap:
 garbage-first heap   total 131072K, used 86268K [0x00000000a0000000, 0x0000000100000000)
  region size 1024K, 15 young (15360K), 5 survivors (5120K)
 Metaspace       used 86313K, capacity 88668K, committed 88960K, reserved 1126400K
  class space    used 10947K, capacity 11783K, committed 11904K, reserved 1048576K
GC Heap History (20 events):
Event: 87.000 GC heap before
{Heap before GC invocations=13 (full 0):
 garbage-first heap   total 131072K, used 61975K [0x00000000a0000000, 0x0000000100000000)
  region size 1024K, 19 young (19456K), 5 survivors (5120K)
 Metaspace       used 58711K, capacity 60056K, committed 60160K, reserved 1101824K
  class space    used 7321K, capacity 7791K, committed 7808K, reserved 1048576K
}
Event: 87.018 GC heap after
{Heap after GC invocations=14 (full 0):
 garbage-first heap   total 131072K, used 48809K [0x00000000a0000000, 0x0000000100000000)
  region size 1024K, 2 young (2048K), 2 survivors (2048K)
 Metaspace       used 58711K, capacity 60056K, committed 60160K, reserved 1101824K
  class space    used 7321K, capacity 7791K, committed 7808K, reserved 1048576K
}
Event: 93.199 GC heap before
{Heap before GC invocations=15 (full 0):
 garbage-first heap   total 131072K, used 102057K [0x00000000a0000000, 0x0000000100000000)
  region size 1024K, 54 young (55296K), 2 survivors (2048K)
 Metaspace       used 64963K, capacity 66314K, committed 66432K, reserved 1107968K
  class space    used 8064K, capacity 8552K, committed 8576K, reserved 1048576K
}
Event: 93.224 GC heap after
{Heap after GC invocations=16 (full 0):
 garbage-first heap   total 131072K, used 50972K [0x00000000a0000000, 0x0000000100000000)
  region size 1024K, 4 young (4096K), 4 survivors (4096K)
 Metaspace       used 64963K, capacity 66314K, committed 66432K, reserved 1107968K
  class space    used 8064K, capacity 8552K, committed 8576K, reserved 1048576K
}
Event: 96.410 GC heap before
{Heap before GC invocations=16 (full 0):
 garbage-first heap   total 131072K, used 103196K [0x00000000a0000000, 0x0000000100000000)
  region size 1024K, 55 young (56320K), 4 survivors (4096K)
 Metaspace       used 66239K, capacity 67782K, committed 67968K, reserved 1107968K
  class space    used 8235K, capacity 8781K, committed 8832K, reserved 1048576K
}
Event: 96.446 GC heap after
{Heap after GC invocations=17 (full 0):
 garbage-first heap   total 131072K, used 55177K [0x00000000a0000000, 0x0000000100000000)
  region size 1024K, 7 young (7168K), 7 survivors (7168K)
 Metaspace       used 66239K, capacity 67782K, committed 67968K, reserved 1107968K
  class space    used 8235K, capacity 8781K, committed 8832K, reserved 1048576K
}
Event: 98.705 GC heap before
{Heap before GC invocations=17 (full 0):
 garbage-first heap   total 131072K, used 105353K [0x00000000a0000000, 0x0000000100000000)
  region size 1024K, 56 young (57344K), 7 survivors (7168K)
 Metaspace       used 68678K, capacity 70351K, committed 70656K, reserved 1110016K
  class space    used 8558K, capacity 9148K, committed 9216K, reserved 1048576K
}
Event: 98.726 GC heap after
{Heap after GC invocations=18 (full 0):
 garbage-first heap   total 131072K, used 60001K [0x00000000a0000000, 0x0000000100000000)
  region size 1024K, 5 young (5120K), 5 survivors (5120K)
 Metaspace       used 68678K, capacity 70351K, committed 70656K, reserved 1110016K
  class space    used 8558K, capacity 9148K, committed 9216K, reserved 1048576K
}
Event: 102.954 GC heap before
{Heap before GC invocations=18 (full 0):
 garbage-first heap   total 131072K, used 105057K [0x00000000a0000000, 0x0000000100000000)
  region size 1024K, 49 young (50176K), 5 survivors (5120K)
 Metaspace       used 72734K, capacity 74500K, committed 74752K, reserved 1114112K
  class space    used 9230K, capacity 9863K, committed 9984K, reserved 1048576K
}
Event: 102.997 GC heap after
{Heap after GC invocations=19 (full 0):
 garbage-first heap   total 131072K, used 63222K [0x00000000a0000000, 0x0000000100000000)
  region size 1024K, 3 young (3072K), 3 survivors (3072K)
 Metaspace       used 72734K, capacity 74500K, committed 74752K, reserved 1114112K
  class space    used 9230K, capacity 9863K, committed 9984K, reserved 1048576K
}
Event: 104.718 GC heap before
{Heap before GC invocations=19 (full 0):
 garbage-first heap   total 131072K, used 107254K [0x00000000a0000000, 0x0000000100000000)
  region size 1024K, 46 young (47104K), 3 survivors (3072K)
 Metaspace       used 74263K, capacity 76192K, committed 76288K, reserved 1116160K
  class space    used 9494K, capacity 10206K, committed 10240K, reserved 1048576K
}
Event: 104.740 GC heap after
{Heap after GC invocations=20 (full 0):
 garbage-first heap   total 131072K, used 67584K [0x00000000a0000000, 0x0000000100000000)
  region size 1024K, 6 young (6144K), 6 survivors (6144K)
 Metaspace       used 74263K, capacity 76192K, committed 76288K, reserved 1116160K
  class space    used 9494K, capacity 10206K, committed 10240K, reserved 1048576K
}
Event: 109.704 GC heap before
{Heap before GC invocations=21 (full 0):
 garbage-first heap   total 131072K, used 107520K [0x00000000a0000000, 0x0000000100000000)
  region size 1024K, 45 young (46080K), 6 survivors (6144K)
 Metaspace       used 78229K, capacity 80168K, committed 80256K, reserved 1118208K
  class space    used 10117K, capacity 10836K, committed 10880K, reserved 1048576K
}
Event: 109.790 GC heap after
{Heap after GC invocations=22 (full 0):
 garbage-first heap   total 131072K, used 70073K [0x00000000a0000000, 0x0000000100000000)
  region size 1024K, 3 young (3072K), 3 survivors (3072K)
 Metaspace       used 78229K, capacity 80168K, committed 80256K, reserved 1118208K
  class space    used 10117K, capacity 10836K, committed 10880K, reserved 1048576K
}
Event: 113.927 GC heap before
{Heap before GC invocations=22 (full 0):
 garbage-first heap   total 131072K, used 107961K [0x00000000a0000000, 0x0000000100000000)
  region size 1024K, 40 young (40960K), 3 survivors (3072K)
 Metaspace       used 80959K, capacity 83064K, committed 83328K, reserved 1122304K
  class space    used 10522K, capacity 11286K, committed 11392K, reserved 1048576K
}
Event: 113.958 GC heap after
{Heap after GC invocations=23 (full 0):
 garbage-first heap   total 131072K, used 73128K [0x00000000a0000000, 0x0000000100000000)
  region size 1024K, 5 young (5120K), 5 survivors (5120K)
 Metaspace       used 80959K, capacity 83064K, committed 83328K, reserved 1122304K
  class space    used 10522K, capacity 11286K, committed 11392K, reserved 1048576K
}
Event: 763.775 GC heap before
{Heap before GC invocations=24 (full 0):
 garbage-first heap   total 131072K, used 107944K [0x00000000a0000000, 0x0000000100000000)
  region size 1024K, 40 young (40960K), 5 survivors (5120K)
 Metaspace       used 85451K, capacity 87725K, committed 87808K, reserved 1126400K
  class space    used 10915K, capacity 11759K, committed 11776K, reserved 1048576K
}
Event: 763.792 GC heap after
{Heap after GC invocations=25 (full 0):
 garbage-first heap   total 131072K, used 73727K [0x00000000a0000000, 0x0000000100000000)
  region size 1024K, 1 young (1024K), 1 survivors (1024K)
 Metaspace       used 85451K, capacity 87725K, committed 87808K, reserved 1126400K
  class space    used 10915K, capacity 11759K, committed 11776K, reserved 1048576K
}
Event: 766.767 GC heap before
{Heap before GC invocations=25 (full 0):
 garbage-first heap   total 131072K, used 108543K [0x00000000a0000000, 0x0000000100000000)
  region size 1024K, 36 young (36864K), 1 survivors (1024K)
 Metaspace       used 86053K, capacity 88385K, committed 88704K, reserved 1126400K
  class space    used 10928K, capacity 11780K, committed 11904K, reserved 1048576K
}
Event: 766.799 GC heap after
{Heap after GC invocations=26 (full 0):
 garbage-first heap   total 131072K, used 77052K [0x00000000a0000000, 0x0000000100000000)
  region size 1024K, 5 young (5120K), 5 survivors (5120K)
 Metaspace       used 86053K, capacity 88385K, committed 88704K, reserved 1126400K
  class space    used 10928K, capacity 11780K, committed 11904K, reserved 1048576K
}

