# JRE version: OpenJDK Runtime Environment (11.0.11+9) (build 11.0.11+9-b60-7590822)
# Java VM: OpenJDK 64-Bit Server VM (11.0.11+9-b60-7590822, mixed mode, tiered, compressed oops, g1 gc, windows-amd64)
Heap:
 garbage-first heap   total 131072K, used 83315K [0x00000000a0000000, 0x0000000100000000)
  region size 1024K, 19 young (19456K), 6 survivors (6144K)
 Metaspace       used 77776K, capacity 79935K, committed 80164K, reserved 1118208K
  class space    used 10248K, capacity 11049K, committed 11136K, reserved 1048576K
GC Heap History (20 events):
Event: 52.923 GC heap before
{Heap before GC invocations=11 (full 0):
 garbage-first heap   total 131072K, used 90788K [0x00000000a0000000, 0x0000000100000000)
  region size 1024K, 72 young (73728K), 8 survivors (8192K)
 Metaspace       used 44130K, capacity 45120K, committed 45184K, reserved 1089536K
  class space    used 5638K, capacity 6003K, committed 6016K, reserved 1048576K
}
Event: 52.984 GC heap after
{Heap after GC invocations=12 (full 0):
 garbage-first heap   total 131072K, used 27562K [0x00000000a0000000, 0x0000000100000000)
  region size 1024K, 6 young (6144K), 6 survivors (6144K)
 Metaspace       used 44130K, capacity 45120K, committed 45184K, reserved 1089536K
  class space    used 5638K, capacity 6003K, committed 6016K, reserved 1048576K
}
Event: 63.068 GC heap before
{Heap before GC invocations=12 (full 0):
 garbage-first heap   total 131072K, used 104362K [0x00000000a0000000, 0x0000000100000000)
  region size 1024K, 75 young (76800K), 6 survivors (6144K)
 Metaspace       used 52060K, capacity 53381K, committed 53504K, reserved 1095680K
  class space    used 6610K, capacity 7071K, committed 7168K, reserved 1048576K
}
Event: 63.117 GC heap after
{Heap after GC invocations=13 (full 0):
 garbage-first heap   total 131072K, used 42675K [0x00000000a0000000, 0x0000000100000000)
  region size 1024K, 10 young (10240K), 10 survivors (10240K)
 Metaspace       used 52060K, capacity 53381K, committed 53504K, reserved 1095680K
  class space    used 6610K, capacity 7071K, committed 7168K, reserved 1048576K
}
Event: 68.887 GC heap before
{Heap before GC invocations=13 (full 0):
 garbage-first heap   total 131072K, used 101043K [0x00000000a0000000, 0x0000000100000000)
  region size 1024K, 67 young (68608K), 10 survivors (10240K)
 Metaspace       used 58905K, capacity 60282K, committed 60416K, reserved 1101824K
  class space    used 7414K, capacity 7909K, committed 7936K, reserved 1048576K
}
Event: 68.925 GC heap after
{Heap after GC invocations=14 (full 0):
 garbage-first heap   total 131072K, used 47102K [0x00000000a0000000, 0x0000000100000000)
  region size 1024K, 5 young (5120K), 5 survivors (5120K)
 Metaspace       used 58905K, capacity 60282K, committed 60416K, reserved 1101824K
  class space    used 7414K, capacity 7909K, committed 7936K, reserved 1048576K
}
Event: 74.917 GC heap before
{Heap before GC invocations=14 (full 0):
 garbage-first heap   total 131072K, used 101374K [0x00000000a0000000, 0x0000000100000000)
  region size 1024K, 59 young (60416K), 5 survivors (5120K)
 Metaspace       used 61999K, capacity 63360K, committed 63616K, reserved 1103872K
  class space    used 7803K, capacity 8309K, committed 8320K, reserved 1048576K
}
Event: 74.948 GC heap after
{Heap after GC invocations=15 (full 0):
 garbage-first heap   total 131072K, used 50420K [0x00000000a0000000, 0x0000000100000000)
  region size 1024K, 8 young (8192K), 8 survivors (8192K)
 Metaspace       used 61999K, capacity 63360K, committed 63616K, reserved 1103872K
  class space    used 7803K, capacity 8309K, committed 8320K, reserved 1048576K
}
Event: 76.231 GC heap before
{Heap before GC invocations=15 (full 0):
 garbage-first heap   total 131072K, used 104692K [0x00000000a0000000, 0x0000000100000000)
  region size 1024K, 61 young (62464K), 8 survivors (8192K)
 Metaspace       used 63015K, capacity 64765K, committed 64896K, reserved 1105920K
  class space    used 7947K, capacity 8524K, committed 8576K, reserved 1048576K
}
Event: 76.273 GC heap after
{Heap after GC invocations=16 (full 0):
 garbage-first heap   total 131072K, used 54595K [0x00000000a0000000, 0x0000000100000000)
  region size 1024K, 8 young (8192K), 8 survivors (8192K)
 Metaspace       used 63015K, capacity 64765K, committed 64896K, reserved 1105920K
  class space    used 7947K, capacity 8524K, committed 8576K, reserved 1048576K
}
Event: 80.564 GC heap before
{Heap before GC invocations=16 (full 0):
 garbage-first heap   total 131072K, used 94531K [0x00000000a0000000, 0x0000000100000000)
  region size 1024K, 48 young (49152K), 8 survivors (8192K)
 Metaspace       used 67445K, capacity 69161K, committed 69248K, reserved 1110016K
  class space    used 8667K, capacity 9284K, committed 9344K, reserved 1048576K
}
Event: 80.634 GC heap after
{Heap after GC invocations=17 (full 0):
 garbage-first heap   total 131072K, used 57666K [0x00000000a0000000, 0x0000000100000000)
  region size 1024K, 3 young (3072K), 3 survivors (3072K)
 Metaspace       used 67445K, capacity 69161K, committed 69248K, reserved 1110016K
  class space    used 8667K, capacity 9284K, committed 9344K, reserved 1048576K
}
Event: 83.125 GC heap before
{Heap before GC invocations=18 (full 0):
 garbage-first heap   total 131072K, used 102722K [0x00000000a0000000, 0x0000000100000000)
  region size 1024K, 47 young (48128K), 3 survivors (3072K)
 Metaspace       used 69290K, capacity 71134K, committed 71332K, reserved 1112064K
  class space    used 9002K, capacity 9725K, committed 9728K, reserved 1048576K
}
Event: 83.159 GC heap after
{Heap after GC invocations=19 (full 0):
 garbage-first heap   total 131072K, used 61399K [0x00000000a0000000, 0x0000000100000000)
  region size 1024K, 6 young (6144K), 6 survivors (6144K)
 Metaspace       used 69290K, capacity 71134K, committed 71332K, reserved 1112064K
  class space    used 9002K, capacity 9725K, committed 9728K, reserved 1048576K
}
Event: 86.867 GC heap before
{Heap before GC invocations=19 (full 0):
 garbage-first heap   total 131072K, used 105431K [0x00000000a0000000, 0x0000000100000000)
  region size 1024K, 49 young (50176K), 6 survivors (6144K)
 Metaspace       used 71741K, capacity 73770K, committed 74020K, reserved 1114112K
  class space    used 9356K, capacity 10100K, committed 10112K, reserved 1048576K
}
Event: 86.923 GC heap after
{Heap after GC invocations=20 (full 0):
 garbage-first heap   total 131072K, used 65805K [0x00000000a0000000, 0x0000000100000000)
  region size 1024K, 5 young (5120K), 5 survivors (5120K)
 Metaspace       used 71741K, capacity 73770K, committed 74020K, reserved 1114112K
  class space    used 9356K, capacity 10100K, committed 10112K, reserved 1048576K
}
Event: 90.751 GC heap before
{Heap before GC invocations=20 (full 0):
 garbage-first heap   total 131072K, used 106765K [0x00000000a0000000, 0x0000000100000000)
  region size 1024K, 45 young (46080K), 5 survivors (5120K)
 Metaspace       used 75237K, capacity 77360K, committed 77604K, reserved 1116160K
  class space    used 9874K, capacity 10622K, committed 10624K, reserved 1048576K
}
Event: 90.782 GC heap after
{Heap after GC invocations=21 (full 0):
 garbage-first heap   total 131072K, used 68249K [0x00000000a0000000, 0x0000000100000000)
  region size 1024K, 3 young (3072K), 3 survivors (3072K)
 Metaspace       used 75237K, capacity 77360K, committed 77604K, reserved 1116160K
  class space    used 9874K, capacity 10622K, committed 10624K, reserved 1048576K
}
Event: 95.124 GC heap before
{Heap before GC invocations=22 (full 0):
 garbage-first heap   total 131072K, used 107161K [0x00000000a0000000, 0x0000000100000000)
  region size 1024K, 42 young (43008K), 3 survivors (3072K)
 Metaspace       used 77137K, capacity 79226K, committed 79524K, reserved 1118208K
  class space    used 10138K, capacity 10897K, committed 11008K, reserved 1048576K
}
Event: 95.168 GC heap after
{Heap after GC invocations=23 (full 0):
 garbage-first heap   total 131072K, used 71027K [0x00000000a0000000, 0x0000000100000000)
  region size 1024K, 6 young (6144K), 6 survivors (6144K)
 Metaspace       used 77137K, capacity 79226K, committed 79524K, reserved 1118208K
  class space    used 10138K, capacity 10897K, committed 11008K, reserved 1048576K
}

